{
  "RSpec": {
    "coverage": {
      "/Users/bruno/Desktop/rails_projects/discount_checker/spec/models/product_spec.rb": [
        1,
        null,
        1,
        1,
        null,
        5,
        null,
        1,
        1,
        1,
        null,
        null,
        1,
        1,
        1,
        null,
        null,
        1,
        1,
        1,
        null,
        null,
        1,
        1,
        1,
        1,
        null,
        null,
        null,
        1,
        1,
        null,
        null,
        null
      ],
      "/Users/bruno/Desktop/rails_projects/discount_checker/spec/rails_helper.rb": [
        null,
        1,
        1,
        1,
        null,
        1,
        1,
        null,
        null,
        null,
        null,
        null,
        null,
        null,
        null,
        null,
        null,
        null,
        null,
        null,
        null,
        null,
        null,
        null,
        null,
        null,
        null,
        1,
        null,
        0,
        0,
        null,
        1,
        null,
        1,
        null,
        null,
        null,
        null,
        1,
        null,
        null,
        null,
        null,
        null,
        null,
        null,
        null,
        null,
        null,
        null,
        null,
        null,
        null,
        1,
        null,
        null,
        1,
        null,
        null,
        null
      ],
      "/Users/bruno/Desktop/rails_projects/discount_checker/config/environment.rb": [
        null,
        1,
        null,
        null,
        1
      ],
      "/Users/bruno/Desktop/rails_projects/discount_checker/config/application.rb": [
        1,
        null,
        1,
        null,
        null,
        null,
        1,
        null,
        1,
        1,
        null,
        1,
        null,
        null,
        null,
        null,
        null,
        null,
        null
      ],
      "/Users/bruno/Desktop/rails_projects/discount_checker/config/boot.rb": [
        1,
        null,
        1,
        1
      ],
      "/Users/bruno/Desktop/rails_projects/discount_checker/config/environments/test.rb": [
        1,
        null,
        null,
        null,
        null,
        null,
        null,
        1,
        null,
        null,
        null,
        null,
        1,
        null,
        null,
        1,
        1,
        null,
        null,
        null,
        null,
        1,
        1,
        null,
        null,
        1,
        null,
        null,
        1,
        null,
        null,
        1,
        null,
        1,
        null,
        null,
        null,
        null,
        1,
        null,
        null,
        1,
        null,
        null,
        null,
        null
      ],
      "/Users/bruno/Desktop/rails_projects/discount_checker/config/initializers/application_controller_renderer.rb": [
        null,
        null,
        null,
        null,
        null,
        null,
        null,
        null
      ],
      "/Users/bruno/Desktop/rails_projects/discount_checker/config/initializers/assets.rb": [
        null,
        null,
        null,
        1,
        null,
        null,
        null,
        null,
        1,
        null,
        null,
        null,
        null,
        null
      ],
      "/Users/bruno/Desktop/rails_projects/discount_checker/config/initializers/backtrace_silencers.rb": [
        null,
        null,
        null,
        null,
        null,
        null,
        null
      ],
      "/Users/bruno/Desktop/rails_projects/discount_checker/config/initializers/content_security_policy.rb": [
        null,
        null,
        null,
        null,
        null,
        null,
        null,
        null,
        null,
        null,
        null,
        null,
        null,
        null,
        null,
        null,
        null,
        null,
        null,
        null,
        null,
        null,
        null,
        null,
        null
      ],
      "/Users/bruno/Desktop/rails_projects/discount_checker/config/initializers/cookies_serializer.rb": [
        null,
        null,
        null,
        null,
        1
      ],
      "/Users/bruno/Desktop/rails_projects/discount_checker/config/initializers/filter_parameter_logging.rb": [
        null,
        null,
        null,
        1
      ],
      "/Users/bruno/Desktop/rails_projects/discount_checker/config/initializers/inflections.rb": [
        null,
        null,
        null,
        null,
        null,
        null,
        null,
        null,
        null,
        null,
        null,
        null,
        null,
        null,
        null,
        null
      ],
      "/Users/bruno/Desktop/rails_projects/discount_checker/config/initializers/mime_types.rb": [
        null,
        null,
        null,
        null
      ],
      "/Users/bruno/Desktop/rails_projects/discount_checker/config/initializers/wrap_parameters.rb": [
        null,
        null,
        null,
        null,
        null,
        null,
        1,
        2,
        null,
        null,
        null,
        null,
        null,
        null
      ],
      "/Users/bruno/Desktop/rails_projects/discount_checker/config/routes.rb": [
        1,
        null,
        1,
        1,
        null
      ],
      "/Users/bruno/Desktop/rails_projects/discount_checker/app/helpers/application_helper.rb": [
        1,
        null
      ],
      "/Users/bruno/Desktop/rails_projects/discount_checker/app/helpers/home_helper.rb": [
        1,
        null
      ],
      "/Users/bruno/Desktop/rails_projects/discount_checker/app/helpers/products_helper.rb": [
        1,
        null
      ],
      "/Users/bruno/Desktop/rails_projects/discount_checker/app/models/product.rb": [
        1,
        1,
        null,
        1,
        1,
        1,
        1,
        null,
        1,
        0,
        0,
        null,
        0,
        0,
        null,
        0,
        null,
        null,
        null,
        null,
        1,
        null,
        1,
        0,
        0,
        0,
        null,
        null,
        1,
        0,
        null,
        null,
        1,
        0,
        0,
        0,
        null,
        null,
        1,
        4,
        3,
        null,
        null,
        null,
        1,
        4,
        2,
        null,
        null,
        null,
        null
      ],
      "/Users/bruno/Desktop/rails_projects/discount_checker/app/models/application_record.rb": [
        1,
        1,
        null
      ],
      "/Users/bruno/Desktop/rails_projects/discount_checker/app/models/user.rb": [
        1,
        1,
        1,
        null
      ]
    },
    "timestamp": 1556989866
  }
}
